<?xml version="1.0" encoding="UTF-8" ?>
<testsuite errors="0" failures="0" name="net.javacoding.jspider.core.impl.PluginInstantiatorTest" tests="4" time="0.099">
  <properties>
    <property name="java.vendor" value="Sun Microsystems Inc."></property>
    <property name="dependency.commons-logging.files" value="*.jar"></property>
    <property name="os.name" value="Linux"></property>
    <property name="sun.boot.class.path" value="/usr/java/jdk1.3.1_06/jre/lib/rt.jar:/usr/java/jdk1.3.1_06/jre/lib/i18n.jar:/usr/java/jdk1.3.1_06/jre/lib/sunrsasign.jar:/usr/java/jdk1.3.1_06/jre/classes"></property>
    <property name="dependency.log4j.version" value="log4j-1.2.8"></property>
    <property name="TODAY" value="May 2 2003"></property>
    <property name="build.timestamp.standard" value="2003/05/02 21:54"></property>
    <property name="folder.src.main" value="src"></property>
    <property name="java.vm.specification.vendor" value="Sun Microsystems Inc."></property>
    <property name="ant.home" value="/opt/ant"></property>
    <property name="java.runtime.version" value="1.3.1_06-b01"></property>
    <property name="folder.stage.doc.junit.report" value="stage/doc/junit"></property>
    <property name="project.jspider.version.number" value="0.5.0-dev"></property>
    <property name="user.name" value="vanrogu"></property>
    <property name="dependency.junit.version" value="junit-3.8.1"></property>
    <property name="folder.stage.src.test" value="stage/src/test"></property>
    <property name="user.language" value="en"></property>
    <property name="sun.boot.library.path" value="/usr/java/jdk1.3.1_06/jre/lib/i386"></property>
    <property name="folder.stage.compiled" value="stage/compiled"></property>
    <property name="ant.project.name" value="JSpider (http://www.javacoding.net/jspider)"></property>
    <property name="DSTAMP" value="20030502"></property>
    <property name="java.version" value="1.3.1_06"></property>
    <property name="user.timezone" value="Europe/Brussels"></property>
    <property name="folder.stage" value="stage"></property>
    <property name="sun.cpu.isalist" value=""></property>
    <property name="file.encoding.pkg" value="sun.io"></property>
    <property name="jspider.version.string" value="JSpider v0.5.0 DEV (http://j-spider.sourceforge.net)"></property>
    <property name="dependency.xdoclet.files" value="*.jar"></property>
    <property name="folder.dist" value="dist"></property>
    <property name="file.separator" value="/"></property>
    <property name="java.specification.name" value="Java Platform API Specification"></property>
    <property name="java.class.version" value="47.0"></property>
    <property name="java.home" value="/usr/java/jdk1.3.1_06/jre"></property>
    <property name="java.vm.info" value="mixed mode"></property>
    <property name="folder.stage.compiled.main" value="stage/compiled/main"></property>
    <property name="ant.file" value="/home/vanrogu/work/jspider-main/build.xml"></property>
    <property name="os.version" value="2.4.19-16mdk"></property>
    <property name="folder.res" value="res"></property>
    <property name="java.awt.fonts" value=""></property>
    <property name="folder.res.lib" value="res/lib"></property>
    <property name="path.separator" value=":"></property>
    <property name="java.vm.version" value="1.3.1_06-b01"></property>
    <property name="build.DSTAMP" value="20030502"></property>
    <property name="folder.res.output" value="res/output"></property>
    <property name="folder.build" value="build"></property>
    <property name="folder.src.test" value="test"></property>
    <property name="java.awt.printerjob" value="sun.awt.motif.PSPrinterJob"></property>
    <property name="sun.io.unicode.encoding" value="UnicodeLittle"></property>
    <property name="user.home" value="/home/vanrogu"></property>
    <property name="build.timestamp.version" value="20030502"></property>
    <property name="java.specification.vendor" value="Sun Microsystems Inc."></property>
    <property name="java.library.path" value="/usr/java/jdk1.3.1_06/jre/lib/i386:/usr/java/jdk1.3.1_06/jre/lib/i386/native_threads/:/usr/java/jdk1.3.1_06/jre/lib/i386/client:/usr/java/jdk1.3.1_06/jre/../lib/i386"></property>
    <property name="java.vendor.url" value="http://java.sun.com/"></property>
    <property name="dependency.junit.files" value="junit.jar"></property>
    <property name="build.TODAY" value="May 2 2003"></property>
    <property name="project.jspider.version.string" value="JSpider v0.5.0 DEV (http://j-spider.sourceforge.net)"></property>
    <property name="java.vm.vendor" value="Sun Microsystems Inc."></property>
    <property name="dependency.velocity.version" value="velocity-1.3.1"></property>
    <property name="java.runtime.name" value="Java(TM) 2 Runtime Environment, Standard Edition"></property>
    <property name="java.class.path" value="/opt/ant/lib/xml-apis.jar:/opt/ant/lib/xercesImpl.jar:/opt/ant/lib/xalan.jar:/opt/ant/lib/optional.jar:/opt/ant/lib/mail.jar:/opt/ant/lib/log4j.jar:/opt/ant/lib/junit.jar:/opt/ant/lib/bcel.jar:/opt/ant/lib/ant.jar:/opt/ant/lib/activation.jar:/opt/jdk/sun1.3.1_06/lib/tools.jar"></property>
    <property name="ant.version" value="Apache Ant version 1.5.1 compiled on October 2 2002"></property>
    <property name="folder.stage.doc.junit.xml" value="stage/doc/junit-xml"></property>
    <property name="TSTAMP" value="2154"></property>
    <property name="folder.stage.doc.api" value="stage/doc/api"></property>
    <property name="folder.res.bin" value="res/bin"></property>
    <property name="java.vm.specification.name" value="Java Virtual Machine Specification"></property>
    <property name="java.vm.specification.version" value="1.0"></property>
    <property name="sun.cpu.endian" value="little"></property>
    <property name="java.io.tmpdir" value="/tmp"></property>
    <property name="java.vendor.url.bug" value="http://java.sun.com/cgi-bin/bugreport.cgi"></property>
    <property name="folder.res.common" value="res/common"></property>
    <property name="dependency.clover.files" value="*.jar"></property>
    <property name="java.awt.graphicsenv" value="sun.awt.X11GraphicsEnvironment"></property>
    <property name="os.arch" value="i386"></property>
    <property name="folder.stage.doc" value="stage/doc"></property>
    <property name="folder.stage.compiled.test" value="stage/compiled/test"></property>
    <property name="java.ext.dirs" value="/usr/java/jdk1.3.1_06/jre/lib/ext"></property>
    <property name="user.dir" value="/home/vanrogu/work/jspider-main"></property>
    <property name="folder.stage.src.main" value="stage/src/main"></property>
    <property name="folder.stage.src" value="stage/src"></property>
    <property name="line.separator" value="
"></property>
    <property name="java.vm.name" value="Java HotSpot(TM) Client VM"></property>
    <property name="jspider.version.number" value="0.5.0-dev"></property>
    <property name="basedir" value="/home/vanrogu/work/jspider-main"></property>
    <property name="dependency.clover.version" value="clover-1.0"></property>
    <property name="ant.java.version" value="1.3"></property>
    <property name="file.encoding" value="ISO-8859-15"></property>
    <property name="user.region" value="US"></property>
    <property name="dependency.xdoclet.version" value="xdoclet-1.2b2"></property>
    <property name="dependency.commons-logging.version" value="commons-logging-1.0.3"></property>
    <property name="folder.dist.prepared" value="dist/prepared"></property>
    <property name="folder.dist.packaged" value="dist/packaged"></property>
    <property name="folder.res.conf" value="res/conf"></property>
    <property name="java.specification.version" value="1.3"></property>
    <property name="dependency.log4j.files" value="*.jar"></property>
    <property name="dependency.velocity.files" value="*.jar"></property>
    <property name="folder.stage.doc.todo" value="stage/doc/todo"></property>
    <property name="build.TSTAMP" value="2154"></property>
    <property name="config.tests.fail.build" value="false"></property>
  </properties>
  <testcase name="testDefaultConstructor" time="0.056"></testcase>
  <testcase name="testNameConstructor" time="0.0030"></testcase>
  <testcase name="testConfigConstructor" time="0.0030"></testcase>
  <testcase name="testNameConfigConstructor" time="0.0030"></testcase>
  <system-out><![CDATA[]]></system-out>
  <system-err><![CDATA[[Engine] jspider.home=dist/prepared
[Engine] default output folder=dist/prepared/output
[Engine] starting with configuration 'unittest'
]]></system-err>
</testsuite>
